#
# There is insufficient memory for the Java Runtime Environment to continue.
# Native memory allocation (malloc) failed to allocate 1048576 bytes for AllocateHeap
# Possible reasons:
#   The system is out of physical RAM or swap space
#   The process is running with CompressedOops enabled, and the Java Heap may be blocking the growth of the native heap
# Possible solutions:
#   Reduce memory load on the system
#   Increase physical memory or swap space
#   Check if swap backing store is full
#   Decrease Java heap size (-Xmx/-Xms)
#   Decrease number of Java threads
#   Decrease Java thread stack sizes (-Xss)
#   Set larger code cache with -XX:ReservedCodeCacheSize=
#   JVM is running with Unscaled Compressed Oops mode in which the Java heap is
#     placed in the first 4GB address space. The Java Heap base address is the
#     maximum limit for the native heap growth. Please use -XX:HeapBaseMinAddress
#     to set the Java Heap base and to place the Java Heap above 4GB virtual address.
# This output file may be truncated or incomplete.
#
#  Out of Memory Error (allocation.cpp:44), pid=8932, tid=17132
#
# JRE version:  (21.0.1+12) (build )
# Java VM: Java HotSpot(TM) 64-Bit Server VM (21.0.1+12-LTS-29, mixed mode, sharing, tiered, compressed oops, compressed class ptrs, g1 gc, windows-amd64)
# No core dump will be written. Minidumps are not enabled by default on client versions of Windows
#

---------------  S U M M A R Y ------------

Command Line: -Xmx64m -Xms64m -Dorg.gradle.appname=gradlew C:\Users\admin\hirely-job-portal\backend\\gradle\wrapper\gradle-wrapper.jar bootRun

Host: Intel(R) Core(TM) i5-8265U CPU @ 1.60GHz, 8 cores, 7G,  Windows 11 , 64 bit Build 26100 (10.0.26100.5074)
Time: Fri Sep 19 15:14:26 2025 India Standard Time elapsed time: 0.314890 seconds (0d 0h 0m 0s)

---------------  T H R E A D  ---------------

Current thread (0x00000201b593f630):  JavaThread "Unknown thread" [_thread_in_vm, id=17132, stack(0x0000001180800000,0x0000001180900000) (1024K)]

Stack: [0x0000001180800000,0x0000001180900000]
Native frames: (J=compiled Java code, j=interpreted, Vv=VM code, C=native code)
V  [jvm.dll+0x6c9029]
V  [jvm.dll+0x854b81]
V  [jvm.dll+0x856e5e]
V  [jvm.dll+0x857543]
V  [jvm.dll+0x280c06]
V  [jvm.dll+0xbea87]
V  [jvm.dll+0x331715]
V  [jvm.dll+0x329d61]
V  [jvm.dll+0x81d179]
V  [jvm.dll+0x3bb4f1]
V  [jvm.dll+0x805ae8]
V  [jvm.dll+0x44effe]
V  [jvm.dll+0x450901]
C  [jli.dll+0x52a3]
C  [ucrtbase.dll+0x37b0]
C  [KERNEL32.DLL+0x2e8d7]
C  [ntdll.dll+0x8d9c]


---------------  P R O C E S S  ---------------

Threads class SMR info:
_java_thread_list=0x00007ff830ad9b88, length=0, elements={
}

Java Threads: ( => current thread )
Total: 0

Other Threads:
  0x00000201b7c02b30 WorkerThread "GC Thread#0"                     [id=12568, stack(0x0000001180900000,0x0000001180a00000) (1024K)]

[error occurred during error reporting (printing all threads), id 0xc0000005, EXCEPTION_ACCESS_VIOLATION (0xc0000005) at pc=0x00007ff8302462a0]
VM state: not at safepoint (not fully initialized)

VM Mutex/Monitor currently owned by a thread:  ([mutex/lock_event])
[0x00007ff830b4a6f8] Heap_lock - owner thread: 0x00000201b593f630

Heap address: 0x00000000fc000000, size: 64 MB, Compressed Oops mode: 32-bit

CDS archive(s) mapped at: [0x0000000000000000-0x0000000000000000-0x0000000000000000), size 0, SharedBaseAddress: 0x0000000800000000, ArchiveRelocationMode: 1.
Narrow klass base: 0x0000000000000000, Narrow klass shift: 0, Narrow klass range: 0x0

GC Precious Log:
 CardTable entry size: 512
 Card Set container configuration: InlinePtr #cards 5 size 8 Array Of Cards #cards 12 size 40 Howl #buckets 4 coarsen threshold 1843 Howl Bitmap #cards 512 size 80 coarsen threshold 460 Card regions per heap region 1 cards per card region 2048

Heap:
 garbage-first heap   total 0K, used 0K [0x00000000fc000000, 0x0000000100000000)
  region size 1024K, 0 young (0K), 0 survivors (0K)

[error occurred during error reporting (printing heap information), id 0xc0000005, EXCEPTION_ACCESS_VIOLATION (0xc0000005) at pc=0x00007ff830631be9]
GC Heap History (0 events):
No events

Dll operation events (1 events):
Event: 0.025 Loaded shared library C:\Program Files\Java\jdk-21\bin\java.dll

Deoptimization events (0 events):
No events

Classes loaded (0 events):
No events

Classes unloaded (0 events):
No events

Classes redefined (0 events):
No events

Internal exceptions (0 events):
No events

ZGC Phase Switch (0 events):
No events

VM Operations (0 events):
No events

Events (0 events):
No events


Dynamic libraries:
0x00007ff774250000 - 0x00007ff774260000 	C:\Program Files\Java\jdk-21\bin\java.exe
0x00007ff88a520000 - 0x00007ff88a789000 	C:\WINDOWS\SYSTEM32\ntdll.dll
0x00007ff889420000 - 0x00007ff8894e9000 	C:\WINDOWS\System32\KERNEL32.DLL
0x00007ff8876b0000 - 0x00007ff887aa3000 	C:\WINDOWS\System32\KERNELBASE.dll
0x00007ff887fb0000 - 0x00007ff8880fb000 	C:\WINDOWS\System32\ucrtbase.dll
0x00007ff87dc80000 - 0x00007ff87dc9b000 	C:\Program Files\Java\jdk-21\bin\VCRUNTIME140.dll
0x00007ff8771b0000 - 0x00007ff8771c9000 	C:\Program Files\Java\jdk-21\bin\jli.dll
0x00007ff88a420000 - 0x00007ff88a4d4000 	C:\WINDOWS\System32\ADVAPI32.dll
0x00007ff88a350000 - 0x00007ff88a3f9000 	C:\WINDOWS\System32\msvcrt.dll
0x00007ff8887e0000 - 0x00007ff888886000 	C:\WINDOWS\System32\sechost.dll
0x00007ff889060000 - 0x00007ff889178000 	C:\WINDOWS\System32\RPCRT4.dll
0x00007ff889b00000 - 0x00007ff889cc4000 	C:\WINDOWS\System32\USER32.dll
0x00007ff86bfc0000 - 0x00007ff86c253000 	C:\WINDOWS\WinSxS\amd64_microsoft.windows.common-controls_6595b64144ccf1df_6.0.26100.5074_none_3e0d6f78e32fd63f\COMCTL32.dll
0x00007ff887b60000 - 0x00007ff887b87000 	C:\WINDOWS\System32\win32u.dll
0x00007ff889750000 - 0x00007ff88977b000 	C:\WINDOWS\System32\GDI32.dll
0x00007ff888100000 - 0x00007ff88822d000 	C:\WINDOWS\System32\gdi32full.dll
0x00007ff887ab0000 - 0x00007ff887b53000 	C:\WINDOWS\System32\msvcp_win.dll
0x00007ff87d6d0000 - 0x00007ff87d6db000 	C:\WINDOWS\SYSTEM32\VERSION.dll
0x00007ff88a310000 - 0x00007ff88a33f000 	C:\WINDOWS\System32\IMM32.DLL
0x00007ff87eeb0000 - 0x00007ff87eebc000 	C:\Program Files\Java\jdk-21\bin\vcruntime140_1.dll
0x00007ff870790000 - 0x00007ff87081e000 	C:\Program Files\Java\jdk-21\bin\msvcp140.dll
0x00007ff82ff10000 - 0x00007ff830c25000 	C:\Program Files\Java\jdk-21\bin\server\jvm.dll
0x00007ff888890000 - 0x00007ff888904000 	C:\WINDOWS\System32\WS2_32.dll
0x00007ff887510000 - 0x00007ff88756e000 	C:\WINDOWS\SYSTEM32\POWRPROF.dll
0x00007ff870f70000 - 0x00007ff870fa5000 	C:\WINDOWS\SYSTEM32\WINMM.dll
0x00007ff8874f0000 - 0x00007ff887504000 	C:\WINDOWS\SYSTEM32\UMPDC.dll
0x00007ff886470000 - 0x00007ff88648b000 	C:\WINDOWS\SYSTEM32\kernel.appcore.dll
0x00007ff87eb10000 - 0x00007ff87eb1a000 	C:\Program Files\Java\jdk-21\bin\jimage.dll
0x00007ff884e40000 - 0x00007ff885082000 	C:\WINDOWS\SYSTEM32\DBGHELP.DLL
0x00007ff889780000 - 0x00007ff889afb000 	C:\WINDOWS\System32\combase.dll
0x00007ff8883b0000 - 0x00007ff888487000 	C:\WINDOWS\System32\OLEAUT32.dll
0x00007ff864c10000 - 0x00007ff864c4d000 	C:\WINDOWS\SYSTEM32\dbgcore.DLL
0x00007ff887b90000 - 0x00007ff887c29000 	C:\WINDOWS\System32\bcryptPrimitives.dll
0x00007ff877190000 - 0x00007ff8771af000 	C:\Program Files\Java\jdk-21\bin\java.dll

dbghelp: loaded successfully - version: 4.0.5 - missing functions: none
symbol engine: initialized successfully - sym options: 0x614 - pdb path: .;C:\Program Files\Java\jdk-21\bin;C:\WINDOWS\SYSTEM32;C:\WINDOWS\WinSxS\amd64_microsoft.windows.common-controls_6595b64144ccf1df_6.0.26100.5074_none_3e0d6f78e32fd63f;C:\Program Files\Java\jdk-21\bin\server

VM Arguments:
jvm_args: -Xmx64m -Xms64m -Dorg.gradle.appname=gradlew 
java_command: C:\Users\admin\hirely-job-portal\backend\\gradle\wrapper\gradle-wrapper.jar bootRun
java_class_path (initial): C:\Users\admin\hirely-job-portal\backend\\gradle\wrapper\gradle-wrapper.jar
Launcher Type: SUN_STANDARD

[Global flags]
     intx CICompilerCount                          = 4                                         {product} {ergonomic}
     uint ConcGCThreads                            = 2                                         {product} {ergonomic}
     uint G1ConcRefinementThreads                  = 8                                         {product} {ergonomic}
   size_t G1HeapRegionSize                         = 1048576                                   {product} {ergonomic}
    uintx GCDrainStackTargetSize                   = 64                                        {product} {ergonomic}
   size_t InitialHeapSize                          = 67108864                                  {product} {command line}
   size_t MarkStackSize                            = 4194304                                   {product} {ergonomic}
   size_t MaxHeapSize                              = 67108864                                  {product} {command line}
   size_t MinHeapDeltaBytes                        = 1048576                                   {product} {ergonomic}
   size_t MinHeapSize                              = 67108864                                  {product} {command line}
    uintx NonNMethodCodeHeapSize                   = 5839372                                {pd product} {ergonomic}
    uintx NonProfiledCodeHeapSize                  = 122909434                              {pd product} {ergonomic}
    uintx ProfiledCodeHeapSize                     = 122909434                              {pd product} {ergonomic}
    uintx ReservedCodeCacheSize                    = 251658240                              {pd product} {ergonomic}
     bool SegmentedCodeCache                       = true                                      {product} {ergonomic}
   size_t SoftMaxHeapSize                          = 67108864                               {manageable} {ergonomic}
     bool UseCompressedOops                        = true                           {product lp64_product} {ergonomic}
     bool UseG1GC                                  = true                                      {product} {ergonomic}
     bool UseLargePagesIndividualAllocation        = false                                  {pd product} {ergonomic}

Logging:
Log output configuration:
 #0: stdout all=warning uptime,level,tags foldmultilines=false
 #1: stderr all=off uptime,level,tags foldmultilines=false

Environment Variables:
JAVA_HOME=C:\Program Files\Java\jdk-21
PATH=C:\Program Files\Common Files\Oracle\Java\javapath;C:\Program Files\Python312\Scripts\;C:\Program Files\Python312\;C:\WINDOWS\system32;C:\WINDOWS;C:\WINDOWS\System32\Wbem;C:\WINDOWS\System32\WindowsPowerShell\v1.0\;C:\WINDOWS\System32\OpenSSH\;C:\MinGW\bin;C:\Program Files\Java\jdk-21\bin;C:\Program Files\Java\jdk-21;C:\Program Files\Java\jdk-21\bin;C:\Program Files\Java\jdk-21\bin\bin;C:\Program Files\MySQL\MySQL Server 8.0\bin;C:\Program Files\MySQL\MySQL Server 8.0\bin\mysql.exe;C:\Program Files\MySQL\MySQL Server 8.1\bin;C:\Program Files\Git\cmd;C:\Program Files\nodejs\;C:\ProgramData\chocolatey\bin;C:\Program Files\MySQL\MySQL Shell 8.0\bin\;C:\Users\admin\AppData\Local\Microsoft\WindowsApps;C:\Users\admin\AppData\Local\GitHubDesktop\bin;C:\Users\admin\AppData\Local\Programs\Microsoft VS Code\bin;C:\Users\admin\AppData\Roaming\npm
USERNAME=admin
OS=Windows_NT
PROCESSOR_IDENTIFIER=Intel64 Family 6 Model 142 Stepping 11, GenuineIntel
TMP=C:\Users\admin\AppData\Local\Temp
TEMP=C:\Users\admin\AppData\Local\Temp




Periodic native trim disabled

---------------  S Y S T E M  ---------------

OS:
 Windows 11 , 64 bit Build 26100 (10.0.26100.5074)
OS uptime: 0 days 9:44 hours
Hyper-V role detected

CPU: total 8 (initial active 8) (4 cores per cpu, 2 threads per core) family 6 model 142 stepping 11 microcode 0xf2, cx8, cmov, fxsr, ht, mmx, 3dnowpref, sse, sse2, sse3, ssse3, sse4.1, sse4.2, popcnt, lzcnt, tsc, tscinvbit, avx, avx2, aes, erms, clmul, bmi1, bmi2, adx, fma, vzeroupper, clflush, clflushopt, hv, rdtscp, f16c
Processor Information for processor 0
  Max Mhz: 1800, Current Mhz: 1600, Mhz Limit: 1584
Processor Information for processor 1
  Max Mhz: 1800, Current Mhz: 1500, Mhz Limit: 1584
Processor Information for processor 2
  Max Mhz: 1800, Current Mhz: 1600, Mhz Limit: 1584
Processor Information for processor 3
  Max Mhz: 1800, Current Mhz: 1600, Mhz Limit: 1584
Processor Information for processor 4
  Max Mhz: 1800, Current Mhz: 1600, Mhz Limit: 1584
Processor Information for processor 5
  Max Mhz: 1800, Current Mhz: 1600, Mhz Limit: 1584
Processor Information for processor 6
  Max Mhz: 1800, Current Mhz: 1500, Mhz Limit: 1584
Processor Information for processor 7
  Max Mhz: 1800, Current Mhz: 1500, Mhz Limit: 1584

Memory: 4k page, system-wide physical 8073M (495M free)
TotalPageFile size 10121M (AvailPageFile size 8M)
current process WorkingSet (physical memory assigned to process): 12M, peak: 12M
current process commit charge ("private bytes"): 53M, peak: 54M

vm_info: Java HotSpot(TM) 64-Bit Server VM (21.0.1+12-LTS-29) for windows-amd64 JRE (21.0.1+12-LTS-29), built on 2023-10-05T13:27:09Z by "mach5one" with MS VC++ 17.1 (VS2022)

END.
