#
# There is insufficient memory for the Java Runtime Environment to continue.
# Native memory allocation (mmap) failed to map 134217728 bytes for G1 virtual space
# Possible reasons:
#   The system is out of physical RAM or swap space
#   The process is running with CompressedOops enabled, and the Java Heap may be blocking the growth of the native heap
# Possible solutions:
#   Reduce memory load on the system
#   Increase physical memory or swap space
#   Check if swap backing store is full
#   Decrease Java heap size (-Xmx/-Xms)
#   Decrease number of Java threads
#   Decrease Java thread stack sizes (-Xss)
#   Set larger code cache with -XX:ReservedCodeCacheSize=
#   JVM is running with Unscaled Compressed Oops mode in which the Java heap is
#     placed in the first 4GB address space. The Java Heap base address is the
#     maximum limit for the native heap growth. Please use -XX:HeapBaseMinAddress
#     to set the Java Heap base and to place the Java Heap above 4GB virtual address.
# This output file may be truncated or incomplete.
#
#  Out of Memory Error (os_windows.cpp:3600), pid=17168, tid=11976
#
# JRE version:  (21.0.1+12) (build )
# Java VM: Java HotSpot(TM) 64-Bit Server VM (21.0.1+12-LTS-29, mixed mode, sharing, tiered, compressed oops, compressed class ptrs, g1 gc, windows-amd64)
# No core dump will be written. Minidumps are not enabled by default on client versions of Windows
#

---------------  S U M M A R Y ------------

Command Line: --enable-native-access=ALL-UNNAMED 

Host: Intel(R) Core(TM) i5-8265U CPU @ 1.60GHz, 8 cores, 7G,  Windows 11 , 64 bit Build 26100 (10.0.26100.5074)
Time: Tue Sep 16 11:19:04 2025 India Standard Time elapsed time: 1.588954 seconds (0d 0h 0m 1s)

---------------  T H R E A D  ---------------

Current thread (0x000001a468b8c9d0):  JavaThread "Unknown thread" [_thread_in_vm, id=11976, stack(0x0000004abe000000,0x0000004abe100000) (1024K)]

Stack: [0x0000004abe000000,0x0000004abe100000]
Native frames: (J=compiled Java code, j=interpreted, Vv=VM code, C=native code)
V  [jvm.dll+0x6c9029]
V  [jvm.dll+0x854b81]
V  [jvm.dll+0x856e5e]
V  [jvm.dll+0x857543]
V  [jvm.dll+0x280c06]
V  [jvm.dll+0x6c5715]
V  [jvm.dll+0x6ba10a]
V  [jvm.dll+0x3557ea]
V  [jvm.dll+0x35d436]
V  [jvm.dll+0x3ae1be]
V  [jvm.dll+0x3ae468]
V  [jvm.dll+0x3291fc]
V  [jvm.dll+0x329d8b]
V  [jvm.dll+0x81d179]
V  [jvm.dll+0x3bb4f1]
V  [jvm.dll+0x805ae8]
V  [jvm.dll+0x44effe]
V  [jvm.dll+0x450901]
C  [jli.dll+0x52a3]
C  [ucrtbase.dll+0x37b0]
C  [KERNEL32.DLL+0x2e8d7]
C  [ntdll.dll+0x8d9c]


---------------  P R O C E S S  ---------------

Threads class SMR info:
_java_thread_list=0x00007ff9eaa59b88, length=0, elements={
}

Java Threads: ( => current thread )
Total: 0

Other Threads:
  0x000001a46af0b930 WorkerThread "GC Thread#0"                     [id=5108, stack(0x0000004abe100000,0x0000004abe200000) (1024K)]
  0x000001a46af1cbb0 ConcurrentGCThread "G1 Main Marker"            [id=14964, stack(0x0000004abe200000,0x0000004abe300000) (1024K)]
  0x000001a46af1e530 WorkerThread "G1 Conc#0"                       [id=5300, stack(0x0000004abe300000,0x0000004abe400000) (1024K)]

[error occurred during error reporting (printing all threads), id 0xc0000005, EXCEPTION_ACCESS_VIOLATION (0xc0000005) at pc=0x00007ff9ea1cc2c7]
VM state: not at safepoint (not fully initialized)

VM Mutex/Monitor currently owned by a thread:  ([mutex/lock_event])
[0x00007ff9eaaca6f8] Heap_lock - owner thread: 0x000001a468b8c9d0

Heap address: 0x0000000081c00000, size: 2020 MB, Compressed Oops mode: 32-bit

CDS archive(s) mapped at: [0x0000000000000000-0x0000000000000000-0x0000000000000000), size 0, SharedBaseAddress: 0x0000000800000000, ArchiveRelocationMode: 1.
Narrow klass base: 0x0000000000000000, Narrow klass shift: 0, Narrow klass range: 0x0

GC Precious Log:
 CardTable entry size: 512
 Card Set container configuration: InlinePtr #cards 5 size 8 Array Of Cards #cards 12 size 40 Howl #buckets 4 coarsen threshold 1843 Howl Bitmap #cards 512 size 80 coarsen threshold 460 Card regions per heap region 1 cards per card region 2048

Heap:
 garbage-first heap   total 0K, used 0K [0x0000000081c00000, 0x0000000100000000)
  region size 1024K, 0 young (0K), 0 survivors (0K)

[error occurred during error reporting (printing heap information), id 0xc0000005, EXCEPTION_ACCESS_VIOLATION (0xc0000005) at pc=0x00007ff9ea5b1be9]
GC Heap History (0 events):
No events

Dll operation events (1 events):
Event: 0.009 Loaded shared library C:\Program Files\Java\jdk-21\bin\java.dll

Deoptimization events (0 events):
No events

Classes loaded (0 events):
No events

Classes unloaded (0 events):
No events

Classes redefined (0 events):
No events

Internal exceptions (0 events):
No events

ZGC Phase Switch (0 events):
No events

VM Operations (0 events):
No events

Events (0 events):
No events


Dynamic libraries:
0x00007ff600050000 - 0x00007ff600060000 	C:\Program Files\Java\jdk-21\bin\java.exe
0x00007ffa444a0000 - 0x00007ffa44709000 	C:\WINDOWS\SYSTEM32\ntdll.dll
0x00007ffa43550000 - 0x00007ffa43619000 	C:\WINDOWS\System32\KERNEL32.DLL
0x00007ffa41b80000 - 0x00007ffa41f73000 	C:\WINDOWS\System32\KERNELBASE.dll
0x00007ffa41a30000 - 0x00007ffa41b7b000 	C:\WINDOWS\System32\ucrtbase.dll
0x00007ffa31b00000 - 0x00007ffa31b19000 	C:\Program Files\Java\jdk-21\bin\jli.dll
0x00007ffa25ad0000 - 0x00007ffa25aeb000 	C:\Program Files\Java\jdk-21\bin\VCRUNTIME140.dll
0x00007ffa43490000 - 0x00007ffa43544000 	C:\WINDOWS\System32\ADVAPI32.dll
0x00007ffa43860000 - 0x00007ffa43909000 	C:\WINDOWS\System32\msvcrt.dll
0x00007ffa442a0000 - 0x00007ffa44346000 	C:\WINDOWS\System32\sechost.dll
0x00007ffa42e90000 - 0x00007ffa42fa8000 	C:\WINDOWS\System32\RPCRT4.dll
0x00007ffa42cc0000 - 0x00007ffa42e84000 	C:\WINDOWS\System32\USER32.dll
0x00007ffa421a0000 - 0x00007ffa421c7000 	C:\WINDOWS\System32\win32u.dll
0x00007ffa27a70000 - 0x00007ffa27d03000 	C:\WINDOWS\WinSxS\amd64_microsoft.windows.common-controls_6595b64144ccf1df_6.0.26100.5074_none_3e0d6f78e32fd63f\COMCTL32.dll
0x00007ffa44270000 - 0x00007ffa4429b000 	C:\WINDOWS\System32\GDI32.dll
0x00007ffa41900000 - 0x00007ffa41a2d000 	C:\WINDOWS\System32\gdi32full.dll
0x00007ffa41f80000 - 0x00007ffa42023000 	C:\WINDOWS\System32\msvcp_win.dll
0x00007ffa370e0000 - 0x00007ffa370eb000 	C:\WINDOWS\SYSTEM32\VERSION.dll
0x00007ffa441b0000 - 0x00007ffa441df000 	C:\WINDOWS\System32\IMM32.DLL
0x00007ffa3a9f0000 - 0x00007ffa3a9fc000 	C:\Program Files\Java\jdk-21\bin\vcruntime140_1.dll
0x00007ffa24ff0000 - 0x00007ffa2507e000 	C:\Program Files\Java\jdk-21\bin\msvcp140.dll
0x00007ff9e9e90000 - 0x00007ff9eaba5000 	C:\Program Files\Java\jdk-21\bin\server\jvm.dll
0x00007ffa42a10000 - 0x00007ffa42a84000 	C:\WINDOWS\System32\WS2_32.dll
0x00007ffa41490000 - 0x00007ffa414ee000 	C:\WINDOWS\SYSTEM32\POWRPROF.dll
0x00007ffa2ca00000 - 0x00007ffa2ca35000 	C:\WINDOWS\SYSTEM32\WINMM.dll
0x00007ffa41470000 - 0x00007ffa41484000 	C:\WINDOWS\SYSTEM32\UMPDC.dll
0x00007ffa403f0000 - 0x00007ffa4040b000 	C:\WINDOWS\SYSTEM32\kernel.appcore.dll
0x00007ffa38a40000 - 0x00007ffa38a4a000 	C:\Program Files\Java\jdk-21\bin\jimage.dll
0x00007ffa3ed70000 - 0x00007ffa3efb2000 	C:\WINDOWS\SYSTEM32\DBGHELP.DLL
0x00007ffa43e30000 - 0x00007ffa441ab000 	C:\WINDOWS\System32\combase.dll
0x00007ffa431b0000 - 0x00007ffa43287000 	C:\WINDOWS\System32\OLEAUT32.dll
0x00007ffa1cd10000 - 0x00007ffa1cd4d000 	C:\WINDOWS\SYSTEM32\dbgcore.DLL
0x00007ffa421d0000 - 0x00007ffa42269000 	C:\WINDOWS\System32\bcryptPrimitives.dll
0x00007ffa24fd0000 - 0x00007ffa24fef000 	C:\Program Files\Java\jdk-21\bin\java.dll

dbghelp: loaded successfully - version: 4.0.5 - missing functions: none
symbol engine: initialized successfully - sym options: 0x614 - pdb path: .;C:\Program Files\Java\jdk-21\bin;C:\WINDOWS\SYSTEM32;C:\WINDOWS\WinSxS\amd64_microsoft.windows.common-controls_6595b64144ccf1df_6.0.26100.5074_none_3e0d6f78e32fd63f;C:\Program Files\Java\jdk-21\bin\server

VM Arguments:
jvm_args: --enable-native-access=ALL-UNNAMED 
java_command: <unknown>
java_class_path (initial): C:\mysql-connector-j-8.3.0.jar
Launcher Type: SUN_STANDARD

[Global flags]
     intx CICompilerCount                          = 4                                         {product} {ergonomic}
     uint ConcGCThreads                            = 2                                         {product} {ergonomic}
     uint G1ConcRefinementThreads                  = 8                                         {product} {ergonomic}
   size_t G1HeapRegionSize                         = 1048576                                   {product} {ergonomic}
    uintx GCDrainStackTargetSize                   = 64                                        {product} {ergonomic}
   size_t InitialHeapSize                          = 134217728                                 {product} {ergonomic}
   size_t MarkStackSize                            = 4194304                                   {product} {ergonomic}
   size_t MaxHeapSize                              = 2118123520                                {product} {ergonomic}
   size_t MinHeapDeltaBytes                        = 1048576                                   {product} {ergonomic}
   size_t MinHeapSize                              = 8388608                                   {product} {ergonomic}
    uintx NonNMethodCodeHeapSize                   = 5839372                                {pd product} {ergonomic}
    uintx NonProfiledCodeHeapSize                  = 122909434                              {pd product} {ergonomic}
    uintx ProfiledCodeHeapSize                     = 122909434                              {pd product} {ergonomic}
    uintx ReservedCodeCacheSize                    = 251658240                              {pd product} {ergonomic}
     bool SegmentedCodeCache                       = true                                      {product} {ergonomic}
   size_t SoftMaxHeapSize                          = 2118123520                             {manageable} {ergonomic}
     bool UseCompressedOops                        = true                           {product lp64_product} {ergonomic}
     bool UseG1GC                                  = true                                      {product} {ergonomic}
     bool UseLargePagesIndividualAllocation        = false                                  {pd product} {ergonomic}

Logging:
Log output configuration:
 #0: stdout all=warning uptime,level,tags foldmultilines=false
 #1: stderr all=off uptime,level,tags foldmultilines=false

Environment Variables:
JAVA_HOME=C:\Program Files\Java\jdk-21
CLASSPATH=C:\mysql-connector-j-8.3.0.jar
PATH=C:\Program Files\Common Files\Oracle\Java\javapath;C:\Program Files\Python312\Scripts\;C:\Program Files\Python312\;C:\WINDOWS\system32;C:\WINDOWS;C:\WINDOWS\System32\Wbem;C:\WINDOWS\System32\WindowsPowerShell\v1.0\;C:\WINDOWS\System32\OpenSSH\;C:\MinGW\bin;C:\Program Files\Java\jdk-21\bin;C:\Program Files\Java\jdk-21;C:\Program Files\Java\jdk-21\bin;C:\Program Files\Java\jdk-21\bin\bin;C:\Program Files\MySQL\MySQL Server 8.0\bin;C:\Program Files\MySQL\MySQL Server 8.0\bin\mysql.exe;C:\Program Files\MySQL\MySQL Server 8.1\bin;C:\Program Files\Git\cmd;C:\Program Files\nodejs\;C:\ProgramData\chocolatey\bin;C:\Program Files\MySQL\MySQL Shell 8.0\bin\;C:\Users\admin\AppData\Local\Microsoft\WindowsApps;C:\Users\admin\AppData\Local\GitHubDesktop\bin;C:\Users\admin\AppData\Local\Programs\Microsoft VS Code\bin;C:\Users\admin\AppData\Roaming\npm
USERNAME=admin
OS=Windows_NT
PROCESSOR_IDENTIFIER=Intel64 Family 6 Model 142 Stepping 11, GenuineIntel
TMP=C:\Users\admin\AppData\Local\Temp
TEMP=C:\Users\admin\AppData\Local\Temp




Periodic native trim disabled

---------------  S Y S T E M  ---------------

OS:
 Windows 11 , 64 bit Build 26100 (10.0.26100.5074)
OS uptime: 0 days 5:57 hours
Hyper-V role detected

CPU: total 8 (initial active 8) (4 cores per cpu, 2 threads per core) family 6 model 142 stepping 11 microcode 0xf2, cx8, cmov, fxsr, ht, mmx, 3dnowpref, sse, sse2, sse3, ssse3, sse4.1, sse4.2, popcnt, lzcnt, tsc, tscinvbit, avx, avx2, aes, erms, clmul, bmi1, bmi2, adx, fma, vzeroupper, clflush, clflushopt, hv, rdtscp, f16c
Processor Information for all 8 processors :
  Max Mhz: 1800, Current Mhz: 1600, Mhz Limit: 1584

Memory: 4k page, system-wide physical 8073M (882M free)
TotalPageFile size 10121M (AvailPageFile size 112M)
current process WorkingSet (physical memory assigned to process): 12M, peak: 12M
current process commit charge ("private bytes"): 60M, peak: 188M

vm_info: Java HotSpot(TM) 64-Bit Server VM (21.0.1+12-LTS-29) for windows-amd64 JRE (21.0.1+12-LTS-29), built on 2023-10-05T13:27:09Z by "mach5one" with MS VC++ 17.1 (VS2022)

END.
